C51 COMPILER V9.60.0.0   003                                                               02/16/2022 23:13:30 PAGE 1   


C51 COMPILER V9.60.0.0, COMPILATION OF MODULE 003
OBJECT MODULE PLACED IN .\Objects\003.obj
COMPILER INVOKED BY: C:\Keil_v5\C51\BIN\C51.EXE 003.c OPTIMIZE(8,SPEED) BROWSE INCDIR(.\Include) DEFINE(FOSC_160000) DEB
                    -UG OBJECTEXTEND PRINT(.\Listings\003.lst) TABS(2) OBJECT(.\Objects\003.obj)

line level    source

   1          #include "N76E003.h"
   2          #include "Common.h"
   3          #include "Delay.h"
   4          #include "SFR_Macro.h"
   5          #include "Function_define.h"
   6          #include "global.h"
   7          
   8          
   9          
  10          void main(void)
  11          {
  12   1        init();
  13   1          while(1)
  14   1          {
  15   2            if(g_bTrigIn50us)
  16   2            {
  17   3              g_bTrigIn50us=0;
  18   3            }
  19   2            if(g_bTrigInMs)
  20   2            {
  21   3              g_bTrigInMs=0;
  22   3              workingManager();
  23   3            }
  24   2            set_WDCLR;
  25   2          }
  26   1      }


MODULE INFORMATION:   STATIC OVERLAYABLE
   CODE SIZE        =     37    ----
   CONSTANT SIZE    =   ----    ----
   XDATA SIZE       =   ----    ----
   PDATA SIZE       =   ----    ----
   DATA SIZE        =   ----    ----
   IDATA SIZE       =   ----    ----
   BIT SIZE         =   ----    ----
END OF MODULE INFORMATION.


C51 COMPILATION COMPLETE.  0 WARNING(S),  0 ERROR(S)
